Unity Editor version:    2020.3.23f1 (c5d91304a876)
Branch:                  2020.3/staging
Build type:              Release
Batch mode:              YES
macOS version:           Version 11.6.4 (Build 20G417)
Darwin version:          20.6.0
Architecture:            x86_64
Running under Rosetta:   NO
Available memory:        8192 MB
Using pre-set license
Pro License: NO

COMMAND LINE ARGUMENTS:
/Applications/Unity/Hub/Editor/2020.3.23f1/Unity.app/Contents/MacOS/Unity
-adb2
-batchMode
-noUpm
-name
AssetImportWorker0
-projectPath
/Users/DaisyDaisy/Desktop/UNITY/shootEmUp
-logFile
Logs/AssetImportWorker0.log
-srvPort
55232
Successfully changed project path to: /Users/DaisyDaisy/Desktop/UNITY/shootEmUp
/Users/DaisyDaisy/Desktop/UNITY/shootEmUp
Using Asset Import Pipeline V2.
Refreshing native plugins compatible for Editor in 79.26 ms, found 2 plugins.
Preloading 0 native plugins for Editor in 0.00 ms.
Initialize engine version: 2020.3.23f1 (c5d91304a876)
[Subsystems] Discovering subsystems at path /Applications/Unity/Hub/Editor/2020.3.23f1/Unity.app/Contents/Resources/UnitySubsystems
[Subsystems] Discovering subsystems at path /Users/DaisyDaisy/Desktop/UNITY/shootEmUp/Assets
GfxDevice: creating device client; threaded=0
2022-02-18 17:32:33.073 Unity[16071:898086] Thunderbolt Display preferred device: Intel Iris Graphics (low power)
2022-02-18 17:32:33.073 Unity[16071:898086] Metal devices available: 1
2022-02-18 17:32:33.073 Unity[16071:898086] 0: Intel Iris Graphics (low power)
2022-02-18 17:32:33.078 Unity[16071:898086] Using device Intel Iris Graphics (low power)
Initializing Metal device caps: Intel Iris Graphics
Initialize mono
Mono path[0] = '/Applications/Unity/Hub/Editor/2020.3.23f1/Unity.app/Contents/Managed'
Mono path[1] = '/Applications/Unity/Hub/Editor/2020.3.23f1/Unity.app/Contents/MonoBleedingEdge/lib/mono/unityjit'
Mono config path = '/Applications/Unity/Hub/Editor/2020.3.23f1/Unity.app/Contents/MonoBleedingEdge/etc'
Using monoOptions --debugger-agent=transport=dt_socket,embedding=1,server=y,suspend=n,address=127.0.0.1:56071
Begin MonoManager ReloadAssembly
Registering precompiled unity dll's ...
Register platform support module: /Applications/Unity/Hub/Editor/2020.3.23f1/Unity.app/Contents/PlaybackEngines/MacStandaloneSupport/UnityEditor.OSXStandalone.Extensions.dll
Register platform support module: /Applications/Unity/Hub/Editor/2020.3.23f1/PlaybackEngines/WindowsStandaloneSupport/UnityEditor.WindowsStandalone.Extensions.dll
Registered in 0.003733 seconds.
Native extension for WindowsStandalone target not found
Native extension for OSXStandalone target not found
Refreshing native plugins compatible for Editor in 42.05 ms, found 2 plugins.
Preloading 0 native plugins for Editor in 0.00 ms.
Mono: successfully reloaded assembly
- Completed reload, in  0.959 seconds
Domain Reload Profiling:
	ReloadAssembly (959ms)
		BeginReloadAssembly (67ms)
			ExecutionOrderSort (0ms)
			DisableScriptedObjects (0ms)
			BackupInstance (0ms)
			ReleaseScriptingObjects (0ms)
			CreateAndSetChildDomain (1ms)
		EndReloadAssembly (772ms)
			LoadAssemblies (69ms)
			RebuildTransferFunctionScriptingTraits (0ms)
			SetupTypeCache (297ms)
			ReleaseScriptCaches (0ms)
			RebuildScriptCaches (52ms)
			SetupLoadedEditorAssemblies (288ms)
				LogAssemblyErrors (0ms)
				InitializePlatformSupportModulesInManaged (8ms)
				SetLoadedEditorAssemblies (0ms)
				RefreshPlugins (42ms)
				BeforeProcessingInitializeOnLoad (51ms)
				ProcessInitializeOnLoadAttributes (145ms)
				ProcessInitializeOnLoadMethodAttributes (42ms)
				AfterProcessingInitializeOnLoad (0ms)
				EditorAssembliesLoaded (0ms)
			ExecutionOrderSort2 (0ms)
			AwakeInstancesAfterBackupRestoration (0ms)
Platform modules already initialized, skipping
Registering precompiled user dll's ...
Registered in 0.010675 seconds.
Begin MonoManager ReloadAssembly
Native extension for WindowsStandalone target not found
Native extension for OSXStandalone target not found
Refreshing native plugins compatible for Editor in 0.44 ms, found 2 plugins.
Preloading 0 native plugins for Editor in 0.00 ms.
Mono: successfully reloaded assembly
- Completed reload, in  1.581 seconds
Domain Reload Profiling:
	ReloadAssembly (1584ms)
		BeginReloadAssembly (220ms)
			ExecutionOrderSort (0ms)
			DisableScriptedObjects (7ms)
			BackupInstance (0ms)
			ReleaseScriptingObjects (0ms)
			CreateAndSetChildDomain (49ms)
		EndReloadAssembly (1275ms)
			LoadAssemblies (141ms)
			RebuildTransferFunctionScriptingTraits (0ms)
			SetupTypeCache (455ms)
			ReleaseScriptCaches (1ms)
			RebuildScriptCaches (68ms)
			SetupLoadedEditorAssemblies (445ms)
				LogAssemblyErrors (0ms)
				InitializePlatformSupportModulesInManaged (6ms)
				SetLoadedEditorAssemblies (1ms)
				RefreshPlugins (0ms)
				BeforeProcessingInitializeOnLoad (101ms)
				ProcessInitializeOnLoadAttributes (317ms)
				ProcessInitializeOnLoadMethodAttributes (16ms)
				AfterProcessingInitializeOnLoad (2ms)
				EditorAssembliesLoaded (0ms)
			ExecutionOrderSort2 (0ms)
			AwakeInstancesAfterBackupRestoration (13ms)
Platform modules already initialized, skipping
Validating Project structure ... 0.002864 seconds.
Shader import version has changed; will reimport all shaders...
Upgrading shader files ...0.001745 seconds.
Application.AssetDatabase Initial Script Refresh Start
RefreshInfo: InitialScriptRefreshV2(NoUpdateAssetOptions) scanfilter:  ... 1 filters
RefreshProfiler: Total: 0.000ms
Application.AssetDatabase Initial Script Refresh End
Application.AssetDatabase.Refresh Start
Application.AssetDatabase.Refresh End
RefreshInfo: StopAssetImportingV2(ForceSynchronousImport) scanfilter: 
RefreshProfiler: Total: 0.000ms
Launching external process: /Applications/Unity/Hub/Editor/2020.3.23f1/Unity.app/Contents/Tools/UnityShaderCompiler
Launched and connected shader compiler UnityShaderCompiler after 0.03 seconds
Initializing Unity extensions:
========================================================================
Worker process is ready to serve import requests
Refreshing native plugins compatible for Editor in 0.45 ms, found 2 plugins.
Preloading 0 native plugins for Editor in 0.00 ms.
Unloading 1505 Unused Serialized files (Serialized files now loaded: 0)
System memory in use before: 159.2 MB.
System memory in use after: 158.4 MB.

Unloading 86 unused Assets to reduce memory usage. Loaded Objects now: 1976.
Total: 5.071765 ms (FindLiveObjects: 0.293686 ms CreateObjectMapping: 0.145248 ms MarkObjects: 3.722109 ms  DeleteObjects: 0.909320 ms)

AssetImportParameters requested are different than current active one (requested -> active):
  custom:video-decoder-ogg-theora: a1e56fd34408186e4bbccfd4996cb3dc -> 
  custom:container-muxer-webm: aa71ff27fc2769a1b78a27578f13a17b -> 
  custom:container-demuxer-webm: 4f35f7cbe854078d1ac9338744f61a02 -> 
  custom:container-demuxer-ogg: 62fdf1f143b41e24485cea50d1cbac27 -> 
  custom:video-encoder-webm-vp8: eb34c28f22e8b96e1ab97ce403110664 -> 
  custom:framework-osx-AVFoundation: e770b220cccbd017edd2c1fefb359320 -> 
  custom:video-decoder-webm-vp8: 9c59270c3fd7afecdb556c50c9e8de78 -> 
  custom:audio-decoder-ogg-vorbis: bf7c407c2cedff20999df2af8eb42d56 -> 
  custom:audio-encoder-webm-vorbis: bf7c407c2cedff20999df2af8eb42d56 -> 
========================================================================
Received Import Request.
  path: Assets/GameDevHQ/FileBase/Plugin/Newtonsoft.Json.dll
  artifactKey: Guid(17aef65a15b471f468b5fbeb4ff0c6a1) Importer(815301076,1909f56bfc062723c751e8b465ee728b)
Start importing Assets/GameDevHQ/FileBase/Plugin/Newtonsoft.Json.dll using Guid(17aef65a15b471f468b5fbeb4ff0c6a1) Importer(815301076,1909f56bfc062723c751e8b465ee728b)  -> (artifact id: '2e06daebcb07d6ecf6dd1754b3aa7319') in 1.196549 seconds 
  Import took 1.206213 seconds .

========================================================================
Received Prepare
Registering precompiled user dll's ...
Registered in 0.004219 seconds.
Begin MonoManager ReloadAssembly
Native extension for WindowsStandalone target not found
Native extension for OSXStandalone target not found
Refreshing native plugins compatible for Editor in 0.50 ms, found 2 plugins.
Preloading 0 native plugins for Editor in 0.00 ms.
Mono: successfully reloaded assembly
- Completed reload, in  2.089 seconds
Domain Reload Profiling:
	ReloadAssembly (2090ms)
		BeginReloadAssembly (386ms)
			ExecutionOrderSort (0ms)
			DisableScriptedObjects (9ms)
			BackupInstance (0ms)
			ReleaseScriptingObjects (1ms)
			CreateAndSetChildDomain (248ms)
		EndReloadAssembly (1493ms)
			LoadAssemblies (156ms)
			RebuildTransferFunctionScriptingTraits (0ms)
			SetupTypeCache (575ms)
			ReleaseScriptCaches (1ms)
			RebuildScriptCaches (68ms)
			SetupLoadedEditorAssemblies (549ms)
				LogAssemblyErrors (0ms)
				InitializePlatformSupportModulesInManaged (11ms)
				SetLoadedEditorAssemblies (1ms)
				RefreshPlugins (1ms)
				BeforeProcessingInitializeOnLoad (199ms)
				ProcessInitializeOnLoadAttributes (315ms)
				ProcessInitializeOnLoadMethodAttributes (18ms)
				AfterProcessingInitializeOnLoad (4ms)
				EditorAssembliesLoaded (0ms)
			ExecutionOrderSort2 (0ms)
			AwakeInstancesAfterBackupRestoration (12ms)
Platform modules already initialized, skipping
Refreshing native plugins compatible for Editor in 0.48 ms, found 2 plugins.
Preloading 0 native plugins for Editor in 0.00 ms.
Unloading 1497 Unused Serialized files (Serialized files now loaded: 0)
System memory in use before: 162.2 MB.
System memory in use after: 162.3 MB.

Unloading 16 unused Assets to reduce memory usage. Loaded Objects now: 1979.
Total: 4.090183 ms (FindLiveObjects: 0.324942 ms CreateObjectMapping: 0.136676 ms MarkObjects: 3.579592 ms  DeleteObjects: 0.047586 ms)

AssetImportParameters requested are different than current active one (requested -> active):
  custom:video-decoder-ogg-theora: a1e56fd34408186e4bbccfd4996cb3dc -> 
  custom:container-muxer-webm: aa71ff27fc2769a1b78a27578f13a17b -> 
  custom:container-demuxer-webm: 4f35f7cbe854078d1ac9338744f61a02 -> 
  custom:container-demuxer-ogg: 62fdf1f143b41e24485cea50d1cbac27 -> 
  custom:video-encoder-webm-vp8: eb34c28f22e8b96e1ab97ce403110664 -> 
  custom:framework-osx-AVFoundation: e770b220cccbd017edd2c1fefb359320 -> 
  custom:video-decoder-webm-vp8: 9c59270c3fd7afecdb556c50c9e8de78 -> 
  custom:audio-decoder-ogg-vorbis: bf7c407c2cedff20999df2af8eb42d56 -> 
  custom:audio-encoder-webm-vorbis: bf7c407c2cedff20999df2af8eb42d56 -> 
========================================================================
Received Import Request.
  Time since last request: 915.562684 seconds.
  path: Assets/GameDevHQ/FileBase/Projects/Tutorials
  artifactKey: Guid(3f9ff9262c0d348bc989fb99945fc296) Importer(815301076,1909f56bfc062723c751e8b465ee728b)
Start importing Assets/GameDevHQ/FileBase/Projects/Tutorials using Guid(3f9ff9262c0d348bc989fb99945fc296) Importer(815301076,1909f56bfc062723c751e8b465ee728b)  -> (artifact id: '1f576898d55bc16f8f4ae59d3629b7b8') in 0.005489 seconds 
  Import took 0.009251 seconds .

========================================================================
Received Import Request.
  Time since last request: 8.741775 seconds.
  path: Assets/GameDevHQ/FileBase/Projects/Tutorials/Starter_Files/2D_Galaxy_Assets/Audio
  artifactKey: Guid(adcbab61c23b3a34fbeef065d78c8b4c) Importer(815301076,1909f56bfc062723c751e8b465ee728b)
Start importing Assets/GameDevHQ/FileBase/Projects/Tutorials/Starter_Files/2D_Galaxy_Assets/Audio using Guid(adcbab61c23b3a34fbeef065d78c8b4c) Importer(815301076,1909f56bfc062723c751e8b465ee728b)  -> (artifact id: '152d94a574764ae130620004ad8bf5b0') in 0.001881 seconds 
  Import took 0.006871 seconds .

========================================================================
Received Import Request.
  Time since last request: 36.438477 seconds.
  path: Assets/GameDevHQ/FileBase/Projects/Tutorials/Starter_Files/2D_Galaxy_Assets
  artifactKey: Guid(eeb6259cb93a90d49a4caa29c4c33185) Importer(815301076,1909f56bfc062723c751e8b465ee728b)
Start importing Assets/GameDevHQ/FileBase/Projects/Tutorials/Starter_Files/2D_Galaxy_Assets using Guid(eeb6259cb93a90d49a4caa29c4c33185) Importer(815301076,1909f56bfc062723c751e8b465ee728b)  -> (artifact id: '87b551c6fb7abbd79fde32ac123069fc') in 0.002473 seconds 
  Import took 0.014318 seconds .

========================================================================
Received Import Request.
  Time since last request: 43.720848 seconds.
  path: Assets/2D_Galaxy_Assets/Sprites/Player_Hurt/Fire_00000.png
  artifactKey: Guid(371fa23a16c2b470dbbdf50d24a9c247) Importer(815301076,1909f56bfc062723c751e8b465ee728b)
Start importing Assets/2D_Galaxy_Assets/Sprites/Player_Hurt/Fire_00000.png using Guid(371fa23a16c2b470dbbdf50d24a9c247) Importer(815301076,1909f56bfc062723c751e8b465ee728b)  -> (artifact id: 'e17849017326d4371f3dbb32b7600d32') in 1.611319 seconds 
  Import took 1.624413 seconds .

========================================================================
Received Import Request.
  Time since last request: 1.944204 seconds.
  path: Assets/2D_Galaxy_Assets/Sprites/Player_Hurt/Fire_00001.png
  artifactKey: Guid(b9b1e0bfea2594a8ab7c72b806ba1f74) Importer(815301076,1909f56bfc062723c751e8b465ee728b)
Start importing Assets/2D_Galaxy_Assets/Sprites/Player_Hurt/Fire_00001.png using Guid(b9b1e0bfea2594a8ab7c72b806ba1f74) Importer(815301076,1909f56bfc062723c751e8b465ee728b)  -> (artifact id: 'd323af8b2ed27cd37f106b6ea695849d') in 0.034558 seconds 
  Import took 0.041029 seconds .

========================================================================
Received Import Request.
  Time since last request: 0.451008 seconds.
  path: Assets/2D_Galaxy_Assets/Sprites/Player_Hurt/Fire_00002.png
  artifactKey: Guid(65658a241f9eb44868d1dd25fbe45567) Importer(815301076,1909f56bfc062723c751e8b465ee728b)
Start importing Assets/2D_Galaxy_Assets/Sprites/Player_Hurt/Fire_00002.png using Guid(65658a241f9eb44868d1dd25fbe45567) Importer(815301076,1909f56bfc062723c751e8b465ee728b)  -> (artifact id: 'ef3dcf16d995305aef3bb282f7c39776') in 0.033821 seconds 
  Import took 0.040923 seconds .

========================================================================
Received Import Request.
  Time since last request: 0.094048 seconds.
  path: Assets/2D_Galaxy_Assets/Sprites/Player_Hurt/Fire_00003.png
  artifactKey: Guid(39b1fc19ce0e74adba602f7441753d45) Importer(815301076,1909f56bfc062723c751e8b465ee728b)
Start importing Assets/2D_Galaxy_Assets/Sprites/Player_Hurt/Fire_00003.png using Guid(39b1fc19ce0e74adba602f7441753d45) Importer(815301076,1909f56bfc062723c751e8b465ee728b)  -> (artifact id: '65c8fea36d6a02be05df895e075d93cc') in 0.035360 seconds 
  Import took 0.042874 seconds .

========================================================================
Received Import Request.
  Time since last request: 0.113829 seconds.
  path: Assets/2D_Galaxy_Assets/Sprites/Player_Hurt/Fire_00005.png
  artifactKey: Guid(91900bc67e3194397973b97573d7871a) Importer(815301076,1909f56bfc062723c751e8b465ee728b)
Start importing Assets/2D_Galaxy_Assets/Sprites/Player_Hurt/Fire_00005.png using Guid(91900bc67e3194397973b97573d7871a) Importer(815301076,1909f56bfc062723c751e8b465ee728b)  -> (artifact id: '2ab2ac66d5ce6052cdf127fe5d9976d0') in 0.038934 seconds 
  Import took 0.044083 seconds .

========================================================================
Received Import Request.
  Time since last request: 0.095171 seconds.
  path: Assets/2D_Galaxy_Assets/Sprites/Player_Hurt/Fire_00006.png
  artifactKey: Guid(91d6b4f7541d04f8a84b544e2ba320f3) Importer(815301076,1909f56bfc062723c751e8b465ee728b)
Start importing Assets/2D_Galaxy_Assets/Sprites/Player_Hurt/Fire_00006.png using Guid(91d6b4f7541d04f8a84b544e2ba320f3) Importer(815301076,1909f56bfc062723c751e8b465ee728b)  -> (artifact id: '3469698ebd9d076de80eb1787fb23cf2') in 0.044921 seconds 
  Import took 0.052592 seconds .

========================================================================
Received Import Request.
  Time since last request: 0.019884 seconds.
  path: Assets/2D_Galaxy_Assets/Sprites/Player_Hurt/Fire_00007.png
  artifactKey: Guid(b37409cf2b45a4d51ab5b6dbe749dfb5) Importer(815301076,1909f56bfc062723c751e8b465ee728b)
Start importing Assets/2D_Galaxy_Assets/Sprites/Player_Hurt/Fire_00007.png using Guid(b37409cf2b45a4d51ab5b6dbe749dfb5) Importer(815301076,1909f56bfc062723c751e8b465ee728b)  -> (artifact id: '2d83d66f7c5c5642de07d8a2b2dd80c6') in 0.031739 seconds 
  Import took 0.041422 seconds .

========================================================================
Received Import Request.
  Time since last request: 0.121690 seconds.
  path: Assets/2D_Galaxy_Assets/Sprites/Player_Hurt/Fire_00009.png
  artifactKey: Guid(224dd748214e4487e9684ed76189e72c) Importer(815301076,1909f56bfc062723c751e8b465ee728b)
Start importing Assets/2D_Galaxy_Assets/Sprites/Player_Hurt/Fire_00009.png using Guid(224dd748214e4487e9684ed76189e72c) Importer(815301076,1909f56bfc062723c751e8b465ee728b)  -> (artifact id: '475b7fa1e5a89d722b2b784f8b671747') in 0.020627 seconds 
  Import took 0.026299 seconds .

========================================================================
Received Import Request.
  Time since last request: 0.138543 seconds.
  path: Assets/2D_Galaxy_Assets/Sprites/Player_Hurt/Fire_00010.png
  artifactKey: Guid(dec50e29c7aaf419296f5bd4367f7267) Importer(815301076,1909f56bfc062723c751e8b465ee728b)
Start importing Assets/2D_Galaxy_Assets/Sprites/Player_Hurt/Fire_00010.png using Guid(dec50e29c7aaf419296f5bd4367f7267) Importer(815301076,1909f56bfc062723c751e8b465ee728b)  -> (artifact id: '887e3dd8d5fd6a3d582235199a1ed2e0') in 0.036509 seconds 
  Import took 0.043039 seconds .

========================================================================
Received Import Request.
  Time since last request: 0.030499 seconds.
  path: Assets/2D_Galaxy_Assets/Sprites/Player_Hurt/Fire_00012.png
  artifactKey: Guid(b0ae7b83ce4004e8ca908d83ffdaa631) Importer(815301076,1909f56bfc062723c751e8b465ee728b)
Start importing Assets/2D_Galaxy_Assets/Sprites/Player_Hurt/Fire_00012.png using Guid(b0ae7b83ce4004e8ca908d83ffdaa631) Importer(815301076,1909f56bfc062723c751e8b465ee728b)  -> (artifact id: 'fc855279b22d282dc4d7de3215fe5f4e') in 0.027142 seconds 
  Import took 0.032047 seconds .

========================================================================
Received Import Request.
  Time since last request: 0.044446 seconds.
  path: Assets/2D_Galaxy_Assets/Sprites/Player_Hurt/Fire_00013.png
  artifactKey: Guid(3a43fe5b2e63b4302a97218aadad922b) Importer(815301076,1909f56bfc062723c751e8b465ee728b)
Start importing Assets/2D_Galaxy_Assets/Sprites/Player_Hurt/Fire_00013.png using Guid(3a43fe5b2e63b4302a97218aadad922b) Importer(815301076,1909f56bfc062723c751e8b465ee728b)  -> (artifact id: 'a80b4e3eba0dc0c54a197198d99b7e9b') in 0.023533 seconds 
  Import took 0.034142 seconds .

========================================================================
Received Import Request.
  Time since last request: 1.103890 seconds.
  path: Assets/2D_Galaxy_Assets/Sprites/Player_Hurt/Fire_00014.png
  artifactKey: Guid(9a5e85981da1341a3b0be48ac9018850) Importer(815301076,1909f56bfc062723c751e8b465ee728b)
Start importing Assets/2D_Galaxy_Assets/Sprites/Player_Hurt/Fire_00014.png using Guid(9a5e85981da1341a3b0be48ac9018850) Importer(815301076,1909f56bfc062723c751e8b465ee728b)  -> (artifact id: '551984aac415880bc1e2285d25b48a9a') in 0.038436 seconds 
  Import took 0.046451 seconds .

========================================================================
Received Import Request.
  Time since last request: 0.458945 seconds.
  path: Assets/2D_Galaxy_Assets/Sprites/Player_Hurt/Fire_00015.png
  artifactKey: Guid(ff51c104d85124c8fb1eb734a7fdf6ba) Importer(815301076,1909f56bfc062723c751e8b465ee728b)
Start importing Assets/2D_Galaxy_Assets/Sprites/Player_Hurt/Fire_00015.png using Guid(ff51c104d85124c8fb1eb734a7fdf6ba) Importer(815301076,1909f56bfc062723c751e8b465ee728b)  -> (artifact id: '2df419190245336ba5fbc68fed43d9b9') in 0.029774 seconds 
  Import took 0.038912 seconds .

========================================================================
Received Import Request.
  Time since last request: 0.103140 seconds.
  path: Assets/2D_Galaxy_Assets/Sprites/Player_Hurt/Fire_00016.png
  artifactKey: Guid(722a3c01e00aa43119d64afdf55c050a) Importer(815301076,1909f56bfc062723c751e8b465ee728b)
Start importing Assets/2D_Galaxy_Assets/Sprites/Player_Hurt/Fire_00016.png using Guid(722a3c01e00aa43119d64afdf55c050a) Importer(815301076,1909f56bfc062723c751e8b465ee728b)  -> (artifact id: '277fcdc84174e9a4df3569d1119f09db') in 0.022901 seconds 
  Import took 0.034302 seconds .

========================================================================
Received Import Request.
  Time since last request: 0.114330 seconds.
  path: Assets/2D_Galaxy_Assets/Sprites/Player_Hurt/Fire_00017.png
  artifactKey: Guid(98e39fe546a914dcc9274ea19783befc) Importer(815301076,1909f56bfc062723c751e8b465ee728b)
Start importing Assets/2D_Galaxy_Assets/Sprites/Player_Hurt/Fire_00017.png using Guid(98e39fe546a914dcc9274ea19783befc) Importer(815301076,1909f56bfc062723c751e8b465ee728b)  -> (artifact id: '94c4a2a72bdd5c5d250074976a777660') in 0.032257 seconds 
  Import took 0.043320 seconds .

========================================================================
Received Import Request.
  Time since last request: 0.031448 seconds.
  path: Assets/2D_Galaxy_Assets/Sprites/Player_Hurt/Fire_00019.png
  artifactKey: Guid(724814e4658a14ea781207ca48fa2177) Importer(815301076,1909f56bfc062723c751e8b465ee728b)
Start importing Assets/2D_Galaxy_Assets/Sprites/Player_Hurt/Fire_00019.png using Guid(724814e4658a14ea781207ca48fa2177) Importer(815301076,1909f56bfc062723c751e8b465ee728b)  -> (artifact id: '99025673396e578cc145e568500d508b') in 0.027635 seconds 
  Import took 0.035179 seconds .

========================================================================
Received Import Request.
  Time since last request: 0.135422 seconds.
  path: Assets/2D_Galaxy_Assets/Sprites/Player_Hurt/Fire_00021.png
  artifactKey: Guid(f5a17a2710d6e4947b7dbd6f09df0e63) Importer(815301076,1909f56bfc062723c751e8b465ee728b)
Start importing Assets/2D_Galaxy_Assets/Sprites/Player_Hurt/Fire_00021.png using Guid(f5a17a2710d6e4947b7dbd6f09df0e63) Importer(815301076,1909f56bfc062723c751e8b465ee728b)  -> (artifact id: '7cdfe5b75df0f8a652343349ee2a6141') in 0.032393 seconds 
  Import took 0.047443 seconds .

========================================================================
Received Import Request.
  Time since last request: 0.133388 seconds.
  path: Assets/2D_Galaxy_Assets/Sprites/Player_Hurt/Fire_00023.png
  artifactKey: Guid(85f8eff109860470380608e2e9ab2455) Importer(815301076,1909f56bfc062723c751e8b465ee728b)
Start importing Assets/2D_Galaxy_Assets/Sprites/Player_Hurt/Fire_00023.png using Guid(85f8eff109860470380608e2e9ab2455) Importer(815301076,1909f56bfc062723c751e8b465ee728b)  -> (artifact id: '2b1314cb9a451336b2e62e73cee0fb1e') in 0.029623 seconds 
  Import took 0.040916 seconds .

========================================================================
Received Import Request.
  Time since last request: 0.216878 seconds.
  path: Assets/2D_Galaxy_Assets/Sprites/Player_Hurt/Fire_00022.png
  artifactKey: Guid(c7fc4a7c32ed244a7b332d7f47f69338) Importer(815301076,1909f56bfc062723c751e8b465ee728b)
Start importing Assets/2D_Galaxy_Assets/Sprites/Player_Hurt/Fire_00022.png using Guid(c7fc4a7c32ed244a7b332d7f47f69338) Importer(815301076,1909f56bfc062723c751e8b465ee728b)  -> (artifact id: '87ef32f15d08eff5dcc1886b9056f710') in 0.032639 seconds 
  Import took 0.039289 seconds .

========================================================================
Received Import Request.
  Time since last request: 0.562302 seconds.
  path: Assets/2D_Galaxy_Assets/Sprites/Player_Hurt/Fire_00020.png
  artifactKey: Guid(c3baf7f072a6e4a31b5c6885a925689f) Importer(815301076,1909f56bfc062723c751e8b465ee728b)
Start importing Assets/2D_Galaxy_Assets/Sprites/Player_Hurt/Fire_00020.png using Guid(c3baf7f072a6e4a31b5c6885a925689f) Importer(815301076,1909f56bfc062723c751e8b465ee728b)  -> (artifact id: 'aa0e53b844e8b657552b9b74c962567b') in 0.043411 seconds 
  Import took 0.051202 seconds .

